\BOOKMARK [1][-]{section.1}{Einf\374hrung}{}% 1
\BOOKMARK [2][-]{subsection.1.1}{Ziele}{section.1}% 2
\BOOKMARK [2][-]{subsection.1.2}{Voraussetzungen}{section.1}% 3
\BOOKMARK [2][-]{subsection.1.3}{Aufgabenstellung}{section.1}% 4
\BOOKMARK [2][-]{subsection.1.4}{Bewertung}{section.1}% 5
\BOOKMARK [1][-]{section.2}{Abgabe}{}% 6
\BOOKMARK [1][-]{section.3}{Ergebnisse}{}% 7
\BOOKMARK [2][-]{subsection.3.1}{M\366glichkeiten zur Datenhaltung}{section.3}% 8
\BOOKMARK [3][-]{subsubsection.3.1.1}{Websocket Implementation}{subsection.3.1}% 9
\BOOKMARK [3][-]{subsubsection.3.1.2}{Couchbase Mobile}{subsection.3.1}% 10
\BOOKMARK [3][-]{subsubsection.3.1.3}{Firebase}{subsection.3.1}% 11
\BOOKMARK [1][-]{section.4}{Umsetzung}{}% 12
\BOOKMARK [2][-]{subsection.4.1}{Verwendete Programmiersprache}{section.4}% 13
\BOOKMARK [2][-]{subsection.4.2}{Verwendete Datenhaltungsm\366glichkeit}{section.4}% 14
\BOOKMARK [2][-]{subsection.4.3}{Projekt aufsetzen}{section.4}% 15
\BOOKMARK [2][-]{subsection.4.4}{Dialog Fenster bei Button-Klick}{section.4}% 16
\BOOKMARK [2][-]{subsection.4.5}{Daten in Liste einf\374gen}{section.4}% 17
\BOOKMARK [2][-]{subsection.4.6}{Daten checken}{section.4}% 18
\BOOKMARK [2][-]{subsection.4.7}{Daten l\366schen}{section.4}% 19
\BOOKMARK [2][-]{subsection.4.8}{Firebase Offline Persisting}{section.4}% 20
